--------------------------------------------------------------------------------------------------------
      name:  <unnamed>
       log:  /Users/Cho/Desktop/Research Paper Log .log
  log type:  text
 opened on:   2 May 2019, 20:26:00

. do "/var/folders/ft/_9fcqcv143zc_z2l79sp0tc40000gn/T//SD00363.000000"

. *Austin (Region) Dummy
. gen AU = puma == 5302

. gen A1U1 = puma == 5303 

. gen A2U2 = puma == 5404 

. gen A3U3 = puma == 5305 

. gen A4U4 = puma == 5306 

. gen A5U5 = puma == 5307 

. gen A6U6 = puma == 5308 

. gen A7U7 = puma == 5309

. gen A8U8 = puma == 5203

. gen austin = AU + A1U1 + A2U2 + A3U3 + A4U4 + A5U5 + A6U6 + A7U7 + A8U8

. 
. *year
. gen time = year 

. 
. *Ft. Worth (Region) Dummy
. gen FW = puma == 2506

. gen F1W1 = puma == 2508 

. gen F2W2 = puma == 2509 

. gen F3W3 = puma == 2511 

. gen F4W4 = puma == 2512 

. gen F5W5 = puma == 2513 

. gen F6W6 = puma == 2514 

. gen F7W7 = puma == 2515

. gen F8W8 = puma == 2516

. gen ftworth = FW + F1W1 + F2W2 + F3W3 + F4W4 + F5W5 + F6W6 + F7W7 + F8W8

. 
. gen combined = ftworth + austin

. drop if combined ==0 
(6,474,304 observations deleted)

. 
. *whitecollar occupations dummy 
. gen whitecollar = socp12 ==111021 | socp12 ==112011| socp12 ==112020| socp12 ==112031| socp12 ==113011
> | socp12 ==113021| socp12 ==113031| socp12 ==113111| socp12 ==113121|  socp12 ==113131| socp12 ==11305
> 1| socp12 ==113061| socp12 ==113071| socp12 ==119013 | socp12 ==119021| socp12 ==119030| socp12 ==1190
> 41| socp12 ==119051| socp12 ==119071| socp12 ==119081| socp12 ==119111| socp12 ==119121| socp12 ==1191
> 41| socp12 ==119151| socp12 ==119161| socp12 ==131011| socp12 ==131021| socp12 ==131022| socp12 ==1310
> 23| socp12 ==131030| socp12 ==131041| socp12 ==131051| socp12 ==131070| socp12 ==131081| socp12 ==1311
> 11| socp12 ==131121| socp12 ==131131| socp12 ==131141|  socp12 ==131151| socp12 ==131161| socp12 ==131
> 199| socp12 ==132011| socp12 ==132021| socp12 ==132031| socp12 ==132041| socp12 ==132051| socp12 ==132
> 052| socp12 ==132053| socp12 ==132061| socp12 ==132070| socp12 ==132081| socp12 ==132082| socp12 ==132
> 099| socp12 ==151111| socp12 ==151121| socp12 ==151122| socp12 ==151131| socp12 ==151134| socp12 ==151
> 141| socp12 ==151142| socp12 ==151143| socp12 ==151150|  socp12 ==151199| socp12 ==152011| socp12 ==15
> 2031| socp12 ==171010|  socp12 ==171020| socp12 ==172011| socp12 ==172041| socp12 ==172051| socp12 ==1
> 72061| socp12 ==172070| socp12 ==172081| socp12 ==172110| socp12 ==172121| socp12 ==172131| socp12 ==1
> 72141| socp12 ==173010| socp12 ==173020| socp12 ==173031| socp12 ==191010| socp12 ==191020|  socp12 ==
> 191030| socp12 ==192010| socp12 ==192021| socp12 ==192030| socp12 ==192040| socp12 ==192099| socp12 ==
> 193011| socp12 ==193030| socp12 ==193051| socp12 ==194011| socp12 ==194021| socp12 ==194031| socp12 ==
> 212011| socp12 ==212021| socp12 ==212099| socp12 ==231012| socp12 ==232011| socp12 ==271020| socp12 ==
> 272011| socp12 ==272012| socp12 ==272020| socp12 ==273020| socp12 ==273031| socp12 ==273041| socp12 ==
> 273042| socp12 ==273043| socp12 ==273090| socp12 ==274021| socp12 ==274030| socp12 ==291011| socp12 ==
> 291020| socp12 ==291031| socp12 ==291041| socp12 ==291051| socp12 ==291060| socp12 ==291071| socp12 ==
> 291081| socp12 ==291122| socp12 ==291123| socp12 ==291124| socp12 ==291125| socp12 ==291126| socp12 ==
> 291127 | socp12 ==291131| socp12 ==291141| socp12 ==291151| socp12 ==291181| socp12 ==291199| socp12 =
> =292010| socp12 ==292021| socp12 ==292030| socp12 ==292041| socp12 ==292050| socp12 ==292061| socp12 =
> =292071| socp12 ==292081| socp12 ==292090| socp12 ==299000| socp12 ==311010| socp12 ==312010| socp12 =
> =312020| socp12 ==319011| socp12 ==319091| socp12 ==319092| socp12 ==319094| socp12 ==319095| socp12 =
> =319096| socp12 ==319097| socp12 ==519080| socp12 ==532010| socp12 ==532020 

. 
. *depedent variable = employment 
. gen civ1 = esr == 1

. gen civ2 = esr == 2

. gen unemp = esr == 3

. gen armed1 = esr == 4

. gen armed2 = esr == 5

. gen notinlf = esr == 6

. gen working = civ1 + civ2 + armed1 + armed2

. gen pop = notinlf + unemp + civ1 + civ2 + armed1 + armed2

. gen employment = working/pop
(10,521 missing values generated)

. 
. *natural log of income 
. gen lnincome = ln(rinch_all_adj)
(3,436 missing values generated)

. gen lnincomesqd = ln(rinch_all_adj)^2
(3,436 missing values generated)

. 
. 
. *education dummies 
. gen dropout = educ08 == 1 | educ08 == 2 | educ08 == 3 | educ08 == 4 | educ08 == 5 | educ08 == 6 | educ
> 08 == 7 | educ08 == 8 | educ08 == 9 | educ08 == 10 | educ08 == 11 | educ08 == 12 | educ08 == 13 | educ
> 08 == 14 | educ08 == 15

. gen hs = educ08 == 16 | educ08 == 17

. gen college =educ08 == 20 | educ08 == 21

. gen graduate = educ08 == 22 | educ08 == 23 | educ08 == 24

. 
. *race dummies
. drop asian 

. drop pi 

. gen white = rac1p == 1

. gen black = rac1p == 2

. gen asian = rac1p == 6

. gen other = rac1p == 8 

. gen mixed = rac1p == 9

. 
. *interaction term 
. gen empdiff = fiberop*whitecollar 
(10,760 missing values generated)

. 
. 
. *balancing 
. by year, sort: ttest employment, by(austin) unequal 

--------------------------------------------------------------------------------------------------------
-> year = 2014

Two-sample t test with unequal variances
------------------------------------------------------------------------------
   Group |     Obs        Mean    Std. Err.   Std. Dev.   [95% Conf. Interval]
---------+--------------------------------------------------------------------
       0 |   7,668    .5903756    .0056162    .4917965    .5793663    .6013849
       1 |  10,679    .6116678    .0047164    .4873936    .6024227    .6209129
---------+--------------------------------------------------------------------
combined |  18,347    .6027688    .0036127    .4893379    .5956877      .60985
---------+--------------------------------------------------------------------
    diff |           -.0212922    .0073339               -.0356675   -.0069168
------------------------------------------------------------------------------
    diff = mean(0) - mean(1)                                      t =  -2.9032
Ho: diff = 0                     Satterthwaite's degrees of freedom =  16427.8

    Ha: diff < 0                 Ha: diff != 0                 Ha: diff > 0
 Pr(T < t) = 0.0018         Pr(|T| > |t|) = 0.0037          Pr(T > t) = 0.9982

--------------------------------------------------------------------------------------------------------
-> year = 2015

Two-sample t test with unequal variances
------------------------------------------------------------------------------
   Group |     Obs        Mean    Std. Err.   Std. Dev.   [95% Conf. Interval]
---------+--------------------------------------------------------------------
       0 |   7,887    .5923672    .0055335    .4914254      .58152    .6032144
       1 |  11,111    .6233462     .004597    .4845687    .6143352    .6323573
---------+--------------------------------------------------------------------
combined |  18,998    .6104853     .003538    .4876531    .6035505    .6174201
---------+--------------------------------------------------------------------
    diff |            -.030979    .0071939               -.0450799   -.0168782
------------------------------------------------------------------------------
    diff = mean(0) - mean(1)                                      t =  -4.3063
Ho: diff = 0                     Satterthwaite's degrees of freedom =  16835.5

    Ha: diff < 0                 Ha: diff != 0                 Ha: diff > 0
 Pr(T < t) = 0.0000         Pr(|T| > |t|) = 0.0000          Pr(T > t) = 1.0000

. by year, sort: ttest fiberop, by(austin) unequal 

--------------------------------------------------------------------------------------------------------
-> year = 2014

Two-sample t test with unequal variances
------------------------------------------------------------------------------
   Group |     Obs        Mean    Std. Err.   Std. Dev.   [95% Conf. Interval]
---------+--------------------------------------------------------------------
       0 |   7,485    .1991984    .0046168    .3994242    .1901482    .2082486
       1 |  10,630    .0880527    .0027486    .2833848    .0826649    .0934404
---------+--------------------------------------------------------------------
combined |  18,115    .1339774    .0025309    .3406374    .1290166    .1389382
---------+--------------------------------------------------------------------
    diff |            .1111457     .005373                .1006138    .1216777
------------------------------------------------------------------------------
    diff = mean(0) - mean(1)                                      t =  20.6859
Ho: diff = 0                     Satterthwaite's degrees of freedom =  12613.7

    Ha: diff < 0                 Ha: diff != 0                 Ha: diff > 0
 Pr(T < t) = 1.0000         Pr(|T| > |t|) = 0.0000          Pr(T > t) = 0.0000

--------------------------------------------------------------------------------------------------------
-> year = 2015

Two-sample t test with unequal variances
------------------------------------------------------------------------------
   Group |     Obs        Mean    Std. Err.   Std. Dev.   [95% Conf. Interval]
---------+--------------------------------------------------------------------
       0 |   7,661    .1723013    .0043149    .3776667     .163843    .1807596
       1 |  11,330    .1041483    .0028698    .3054663     .098523    .1097735
---------+--------------------------------------------------------------------
combined |  18,991    .1316413    .0024535    .3381093    .1268323    .1364504
---------+--------------------------------------------------------------------
    diff |             .068153     .005182                .0579955    .0783105
------------------------------------------------------------------------------
    diff = mean(0) - mean(1)                                      t =  13.1518
Ho: diff = 0                     Satterthwaite's degrees of freedom =  14073.7

    Ha: diff < 0                 Ha: diff != 0                 Ha: diff > 0
 Pr(T < t) = 1.0000         Pr(|T| > |t|) = 0.0000          Pr(T > t) = 0.0000

. by year, sort: ttest whitecollar, by(austin) unequal 

--------------------------------------------------------------------------------------------------------
-> year = 2014

Two-sample t test with unequal variances
------------------------------------------------------------------------------
   Group |     Obs        Mean    Std. Err.   Std. Dev.   [95% Conf. Interval]
---------+--------------------------------------------------------------------
       0 |   9,988     .134161    .0034105    .3408423    .1274758    .1408462
       1 |  13,522    .1755657    .0032719    .3804643    .1691525     .181979
---------+--------------------------------------------------------------------
combined |  23,510    .1579753    .0023787    .3647256    .1533129    .1626377
---------+--------------------------------------------------------------------
    diff |           -.0414048    .0047261               -.0506683   -.0321412
------------------------------------------------------------------------------
    diff = mean(0) - mean(1)                                      t =  -8.7608
Ho: diff = 0                     Satterthwaite's degrees of freedom =  22655.3

    Ha: diff < 0                 Ha: diff != 0                 Ha: diff > 0
 Pr(T < t) = 0.0000         Pr(|T| > |t|) = 0.0000          Pr(T > t) = 1.0000

--------------------------------------------------------------------------------------------------------
-> year = 2015

Two-sample t test with unequal variances
------------------------------------------------------------------------------
   Group |     Obs        Mean    Std. Err.   Std. Dev.   [95% Conf. Interval]
---------+--------------------------------------------------------------------
       0 |  10,355     .138677    .0033965    .3456258    .1320192    .1453348
       1 |  14,001    .1747018    .0032092    .3797254    .1684114    .1809922
---------+--------------------------------------------------------------------
combined |  24,356    .1593858    .0023455     .366043    .1547885     .163983
---------+--------------------------------------------------------------------
    diff |           -.0360248    .0046728               -.0451838   -.0268659
------------------------------------------------------------------------------
    diff = mean(0) - mean(1)                                      t =  -7.7095
Ho: diff = 0                     Satterthwaite's degrees of freedom =  23337.2

    Ha: diff < 0                 Ha: diff != 0                 Ha: diff > 0
 Pr(T < t) = 0.0000         Pr(|T| > |t|) = 0.0000          Pr(T > t) = 1.0000

. by year, sort: ttest female, by(austin) unequal 

--------------------------------------------------------------------------------------------------------
-> year = 2014

Two-sample t test with unequal variances
------------------------------------------------------------------------------
   Group |     Obs        Mean    Std. Err.   Std. Dev.   [95% Conf. Interval]
---------+--------------------------------------------------------------------
       0 |   9,768     .522932     .005054    .4994994    .5130252    .5328388
       1 |  13,271    .4991334    .0043404    .5000181    .4906256    .5076413
---------+--------------------------------------------------------------------
combined |  23,039    .5092235    .0032936    .4999258    .5027678    .5156792
---------+--------------------------------------------------------------------
    diff |            .0237986     .006662                .0107406    .0368566
------------------------------------------------------------------------------
    diff = mean(0) - mean(1)                                      t =   3.5723
Ho: diff = 0                     Satterthwaite's degrees of freedom =  21056.8

    Ha: diff < 0                 Ha: diff != 0                 Ha: diff > 0
 Pr(T < t) = 0.9998         Pr(|T| > |t|) = 0.0004          Pr(T > t) = 0.0002

--------------------------------------------------------------------------------------------------------
-> year = 2015

Two-sample t test with unequal variances
------------------------------------------------------------------------------
   Group |     Obs        Mean    Std. Err.   Std. Dev.   [95% Conf. Interval]
---------+--------------------------------------------------------------------
       0 |  10,135    .5203749    .0049627    .4996093     .510647    .5301028
       1 |  13,758    .4986917    .0042629    .5000165    .4903358    .5070476
---------+--------------------------------------------------------------------
combined |  23,893    .5078893    .0032344    .4999482    .5015498    .5142289
---------+--------------------------------------------------------------------
    diff |            .0216833    .0065422                  .00886    .0345065
------------------------------------------------------------------------------
    diff = mean(0) - mean(1)                                      t =   3.3143
Ho: diff = 0                     Satterthwaite's degrees of freedom =  21845.2

    Ha: diff < 0                 Ha: diff != 0                 Ha: diff > 0
 Pr(T < t) = 0.9995         Pr(|T| > |t|) = 0.0009          Pr(T > t) = 0.0005

. by year, sort: ttest citizen, by(austin) unequal 

--------------------------------------------------------------------------------------------------------
-> year = 2014

Two-sample t test with unequal variances
------------------------------------------------------------------------------
   Group |     Obs        Mean    Std. Err.   Std. Dev.   [95% Conf. Interval]
---------+--------------------------------------------------------------------
       0 |   9,768    .9049959     .002967    .2932356      .89918    .9108118
       1 |  13,271     .890061    .0027155    .3128255    .8847383    .8953838
---------+--------------------------------------------------------------------
combined |  23,039    .8963931    .0020078    .3047566    .8924576    .9003285
---------+--------------------------------------------------------------------
    diff |            .0149349    .0040221                .0070514    .0228184
------------------------------------------------------------------------------
    diff = mean(0) - mean(1)                                      t =   3.7132
Ho: diff = 0                     Satterthwaite's degrees of freedom =  21750.3

    Ha: diff < 0                 Ha: diff != 0                 Ha: diff > 0
 Pr(T < t) = 0.9999         Pr(|T| > |t|) = 0.0002          Pr(T > t) = 0.0001

--------------------------------------------------------------------------------------------------------
-> year = 2015

Two-sample t test with unequal variances
------------------------------------------------------------------------------
   Group |     Obs        Mean    Std. Err.   Std. Dev.   [95% Conf. Interval]
---------+--------------------------------------------------------------------
       0 |  10,135    .9167242    .0027447    .2763122    .9113441    .9221043
       1 |  13,758    .8977322    .0025833    .3030111    .8926685    .9027959
---------+--------------------------------------------------------------------
combined |  23,893    .9057883    .0018899    .2921291     .902084    .9094926
---------+--------------------------------------------------------------------
    diff |             .018992    .0037692                .0116041    .0263799
------------------------------------------------------------------------------
    diff = mean(0) - mean(1)                                      t =   5.0388
Ho: diff = 0                     Satterthwaite's degrees of freedom =  22838.9

    Ha: diff < 0                 Ha: diff != 0                 Ha: diff > 0
 Pr(T < t) = 1.0000         Pr(|T| > |t|) = 0.0000          Pr(T > t) = 0.0000

. by year, sort: ttest lnincome, by(austin) unequal 

--------------------------------------------------------------------------------------------------------
-> year = 2014

Two-sample t test with unequal variances
------------------------------------------------------------------------------
   Group |     Obs        Mean    Std. Err.   Std. Dev.   [95% Conf. Interval]
---------+--------------------------------------------------------------------
       0 |   9,359    10.96299    .0095604    .9248928    10.94425    10.98173
       1 |  12,455     11.2199    .0086504    .9654041    11.20294    11.23685
---------+--------------------------------------------------------------------
combined |  21,814    11.10968    .0064775    .9567016    11.09698    11.12237
---------+--------------------------------------------------------------------
    diff |           -.2569061    .0128931               -.2821775   -.2316346
------------------------------------------------------------------------------
    diff = mean(0) - mean(1)                                      t = -19.9259
Ho: diff = 0                     Satterthwaite's degrees of freedom =  20585.4

    Ha: diff < 0                 Ha: diff != 0                 Ha: diff > 0
 Pr(T < t) = 0.0000         Pr(|T| > |t|) = 0.0000          Pr(T > t) = 1.0000

--------------------------------------------------------------------------------------------------------
-> year = 2015

Two-sample t test with unequal variances
------------------------------------------------------------------------------
   Group |     Obs        Mean    Std. Err.   Std. Dev.   [95% Conf. Interval]
---------+--------------------------------------------------------------------
       0 |   9,713    11.00975    .0094799    .9342862    10.99116    11.02833
       1 |  12,903    11.29714     .008487    .9640472    11.28051    11.31378
---------+--------------------------------------------------------------------
combined |  22,616    11.17371    .0063964    .9619369    11.16118    11.18625
---------+--------------------------------------------------------------------
    diff |           -.2873951    .0127239               -.3123349   -.2624553
------------------------------------------------------------------------------
    diff = mean(0) - mean(1)                                      t = -22.5871
Ho: diff = 0                     Satterthwaite's degrees of freedom =  21245.6

    Ha: diff < 0                 Ha: diff != 0                 Ha: diff > 0
 Pr(T < t) = 0.0000         Pr(|T| > |t|) = 0.0000          Pr(T > t) = 1.0000

. by year, sort: ttest lnincomesqd, by(austin) unequal 

--------------------------------------------------------------------------------------------------------
-> year = 2014

Two-sample t test with unequal variances
------------------------------------------------------------------------------
   Group |     Obs        Mean    Std. Err.   Std. Dev.   [95% Conf. Interval]
---------+--------------------------------------------------------------------
       0 |   9,359    121.0425    .2021414    19.55555    120.6463    121.4388
       1 |  12,455     126.818    .1883498    21.02021    126.4488    127.1872
---------+--------------------------------------------------------------------
combined |  21,814    124.3401    .1394998    20.60351    124.0667    124.6136
---------+--------------------------------------------------------------------
    diff |           -5.775513    .2762911               -6.317066   -5.233961
------------------------------------------------------------------------------
    diff = mean(0) - mean(1)                                      t = -20.9037
Ho: diff = 0                     Satterthwaite's degrees of freedom =  20851.2

    Ha: diff < 0                 Ha: diff != 0                 Ha: diff > 0
 Pr(T < t) = 0.0000         Pr(|T| > |t|) = 0.0000          Pr(T > t) = 1.0000

--------------------------------------------------------------------------------------------------------
-> year = 2015

Two-sample t test with unequal variances
------------------------------------------------------------------------------
   Group |     Obs        Mean    Std. Err.   Std. Dev.   [95% Conf. Interval]
---------+--------------------------------------------------------------------
       0 |   9,713    122.0873     .199223    19.63433    121.6968    122.4778
       1 |  12,903    128.5547    .1854302    21.06327    128.1913    128.9182
---------+--------------------------------------------------------------------
combined |  22,616    125.7771    .1377142     20.7103    125.5072    126.0471
---------+--------------------------------------------------------------------
    diff |           -6.467404    .2721657               -7.000869   -5.933939
------------------------------------------------------------------------------
    diff = mean(0) - mean(1)                                      t = -23.7627
Ho: diff = 0                     Satterthwaite's degrees of freedom =  21616.3

    Ha: diff < 0                 Ha: diff != 0                 Ha: diff > 0
 Pr(T < t) = 0.0000         Pr(|T| > |t|) = 0.0000          Pr(T > t) = 1.0000

. 
. 
. *balancing race
. by year, sort: ttest white, by(austin) unequal 

--------------------------------------------------------------------------------------------------------
-> year = 2014

Two-sample t test with unequal variances
------------------------------------------------------------------------------
   Group |     Obs        Mean    Std. Err.   Std. Dev.   [95% Conf. Interval]
---------+--------------------------------------------------------------------
       0 |   9,988    .7250701    .0044677    .4465013    .7163125    .7338277
       1 |  13,522     .783464    .0035422    .4118989    .7765208    .7904071
---------+--------------------------------------------------------------------
combined |  23,510    .7586559    .0027908    .4279076    .7531858     .764126
---------+--------------------------------------------------------------------
    diff |           -.0583939    .0057015               -.0695693   -.0472185
------------------------------------------------------------------------------
    diff = mean(0) - mean(1)                                      t = -10.2418
Ho: diff = 0                     Satterthwaite's degrees of freedom =  20504.4

    Ha: diff < 0                 Ha: diff != 0                 Ha: diff > 0
 Pr(T < t) = 0.0000         Pr(|T| > |t|) = 0.0000          Pr(T > t) = 1.0000

--------------------------------------------------------------------------------------------------------
-> year = 2015

Two-sample t test with unequal variances
------------------------------------------------------------------------------
   Group |     Obs        Mean    Std. Err.   Std. Dev.   [95% Conf. Interval]
---------+--------------------------------------------------------------------
       0 |  10,355    .7268952    .0043787    .4455757    .7183121    .7354783
       1 |  14,001    .7605171    .0036068    .4267831    .7534472     .767587
---------+--------------------------------------------------------------------
combined |  24,356    .7462227    .0027885    .4351806    .7407571    .7516883
---------+--------------------------------------------------------------------
    diff |           -.0336219     .005673               -.0447413   -.0225025
------------------------------------------------------------------------------
    diff = mean(0) - mean(1)                                      t =  -5.9267
Ho: diff = 0                     Satterthwaite's degrees of freedom =  21761.9

    Ha: diff < 0                 Ha: diff != 0                 Ha: diff > 0
 Pr(T < t) = 0.0000         Pr(|T| > |t|) = 0.0000          Pr(T > t) = 1.0000

. by year, sort: ttest black, by(austin) unequal 

--------------------------------------------------------------------------------------------------------
-> year = 2014

Two-sample t test with unequal variances
------------------------------------------------------------------------------
   Group |     Obs        Mean    Std. Err.   Std. Dev.   [95% Conf. Interval]
---------+--------------------------------------------------------------------
       0 |   9,988    .1251502     .003311    .3309057    .1186599    .1316405
       1 |  13,522    .0474782    .0018289    .2126672    .0438934     .051063
---------+--------------------------------------------------------------------
combined |  23,510    .0804764    .0017742    .2720351    .0769989    .0839539
---------+--------------------------------------------------------------------
    diff |             .077672    .0037826                .0702578    .0850862
------------------------------------------------------------------------------
    diff = mean(0) - mean(1)                                      t =  20.5343
Ho: diff = 0                     Satterthwaite's degrees of freedom =  15916.2

    Ha: diff < 0                 Ha: diff != 0                 Ha: diff > 0
 Pr(T < t) = 1.0000         Pr(|T| > |t|) = 0.0000          Pr(T > t) = 0.0000

--------------------------------------------------------------------------------------------------------
-> year = 2015

Two-sample t test with unequal variances
------------------------------------------------------------------------------
   Group |     Obs        Mean    Std. Err.   Std. Dev.   [95% Conf. Interval]
---------+--------------------------------------------------------------------
       0 |  10,355    .1259295    .0032605    .3317859    .1195383    .1323207
       1 |  14,001    .0487108    .0018193    .2152705    .0451447    .0522769
---------+--------------------------------------------------------------------
combined |  24,356    .0815405    .0017536     .273669    .0781034    .0849776
---------+--------------------------------------------------------------------
    diff |            .0772187    .0037337                .0699002    .0845372
------------------------------------------------------------------------------
    diff = mean(0) - mean(1)                                      t =  20.6814
Ho: diff = 0                     Satterthwaite's degrees of freedom =    16614

    Ha: diff < 0                 Ha: diff != 0                 Ha: diff > 0
 Pr(T < t) = 1.0000         Pr(|T| > |t|) = 0.0000          Pr(T > t) = 0.0000

. by year, sort: ttest asian, by(austin) unequal 

--------------------------------------------------------------------------------------------------------
-> year = 2014

Two-sample t test with unequal variances
------------------------------------------------------------------------------
   Group |     Obs        Mean    Std. Err.   Std. Dev.   [95% Conf. Interval]
---------+--------------------------------------------------------------------
       0 |   9,988     .030837    .0017299    .1728846    .0274461    .0342279
       1 |  13,522    .0662624    .0021392    .2487494    .0620694    .0704554
---------+--------------------------------------------------------------------
combined |  23,510    .0512123    .0014377    .2204351    .0483944    .0540301
---------+--------------------------------------------------------------------
    diff |           -.0354254    .0027511               -.0408177   -.0300331
------------------------------------------------------------------------------
    diff = mean(0) - mean(1)                                      t = -12.8769
Ho: diff = 0                     Satterthwaite's degrees of freedom =  23424.9

    Ha: diff < 0                 Ha: diff != 0                 Ha: diff > 0
 Pr(T < t) = 0.0000         Pr(|T| > |t|) = 0.0000          Pr(T > t) = 1.0000

--------------------------------------------------------------------------------------------------------
-> year = 2015

Two-sample t test with unequal variances
------------------------------------------------------------------------------
   Group |     Obs        Mean    Std. Err.   Std. Dev.   [95% Conf. Interval]
---------+--------------------------------------------------------------------
       0 |  10,355    .0301304      .00168    .1709542    .0268373    .0334235
       1 |  14,001    .0644954     .002076    .2456421    .0604262    .0685646
---------+--------------------------------------------------------------------
combined |  24,356     .049885     .001395    .2177119    .0471507    .0526194
---------+--------------------------------------------------------------------
    diff |            -.034365    .0026706               -.0395995   -.0291305
------------------------------------------------------------------------------
    diff = mean(0) - mean(1)                                      t = -12.8680
Ho: diff = 0                     Satterthwaite's degrees of freedom =  24268.1

    Ha: diff < 0                 Ha: diff != 0                 Ha: diff > 0
 Pr(T < t) = 0.0000         Pr(|T| > |t|) = 0.0000          Pr(T > t) = 1.0000

. by year, sort: ttest other, by(austin) unequal 

--------------------------------------------------------------------------------------------------------
-> year = 2014

Two-sample t test with unequal variances
------------------------------------------------------------------------------
   Group |     Obs        Mean    Std. Err.   Std. Dev.   [95% Conf. Interval]
---------+--------------------------------------------------------------------
       0 |   9,988    .0644774    .0024576    .2456137      .05966    .0692948
       1 |  13,522    .0485135    .0018477    .2148567    .0448918    .0521353
---------+--------------------------------------------------------------------
combined |  23,510    .0552956    .0014907    .2285612    .0523738    .0582174
---------+--------------------------------------------------------------------
    diff |            .0159638    .0030747                .0099372    .0219905
------------------------------------------------------------------------------
    diff = mean(0) - mean(1)                                      t =   5.1920
Ho: diff = 0                     Satterthwaite's degrees of freedom =  19796.2

    Ha: diff < 0                 Ha: diff != 0                 Ha: diff > 0
 Pr(T < t) = 1.0000         Pr(|T| > |t|) = 0.0000          Pr(T > t) = 0.0000

--------------------------------------------------------------------------------------------------------
-> year = 2015

Two-sample t test with unequal variances
------------------------------------------------------------------------------
   Group |     Obs        Mean    Std. Err.   Std. Dev.   [95% Conf. Interval]
---------+--------------------------------------------------------------------
       0 |  10,355    .0608402    .0023492    .2390485    .0562354     .065445
       1 |  14,001    .0689951     .002142    .2534548    .0647965    .0731937
---------+--------------------------------------------------------------------
combined |  24,356     .065528    .0015856    .2474603    .0624201    .0686359
---------+--------------------------------------------------------------------
    diff |           -.0081549    .0031791               -.0143862   -.0019236
------------------------------------------------------------------------------
    diff = mean(0) - mean(1)                                      t =  -2.5652
Ho: diff = 0                     Satterthwaite's degrees of freedom =  22980.1

    Ha: diff < 0                 Ha: diff != 0                 Ha: diff > 0
 Pr(T < t) = 0.0052         Pr(|T| > |t|) = 0.0103          Pr(T > t) = 0.9948

. 
.  
. *balancing educ
. by year, sort: ttest dropout, by(austin) unequal 

--------------------------------------------------------------------------------------------------------
-> year = 2014

Two-sample t test with unequal variances
------------------------------------------------------------------------------
   Group |     Obs        Mean    Std. Err.   Std. Dev.   [95% Conf. Interval]
---------+--------------------------------------------------------------------
       0 |   9,988    .3272928    .0046953    .4692486     .318089    .3364965
       1 |  13,522    .2832421    .0038749    .4505897    .2756468    .2908375
---------+--------------------------------------------------------------------
combined |  23,510    .3019566    .0029943    .4591163    .2960876    .3078257
---------+--------------------------------------------------------------------
    diff |            .0440506    .0060878                .0321182    .0559831
------------------------------------------------------------------------------
    diff = mean(0) - mean(1)                                      t =   7.2359
Ho: diff = 0                     Satterthwaite's degrees of freedom =  21021.1

    Ha: diff < 0                 Ha: diff != 0                 Ha: diff > 0
 Pr(T < t) = 1.0000         Pr(|T| > |t|) = 0.0000          Pr(T > t) = 0.0000

--------------------------------------------------------------------------------------------------------
-> year = 2015

Two-sample t test with unequal variances
------------------------------------------------------------------------------
   Group |     Obs        Mean    Std. Err.   Std. Dev.   [95% Conf. Interval]
---------+--------------------------------------------------------------------
       0 |  10,355    .3199421    .0045841    .4664763    .3109563    .3289278
       1 |  14,001    .2749804    .0037737    .4465203    .2675835    .2823772
---------+--------------------------------------------------------------------
combined |  24,356    .2940959    .0029196    .4556446    .2883733    .2998185
---------+--------------------------------------------------------------------
    diff |            .0449617    .0059375                .0333237    .0565997
------------------------------------------------------------------------------
    diff = mean(0) - mean(1)                                      t =   7.5724
Ho: diff = 0                     Satterthwaite's degrees of freedom =  21753.7

    Ha: diff < 0                 Ha: diff != 0                 Ha: diff > 0
 Pr(T < t) = 1.0000         Pr(|T| > |t|) = 0.0000          Pr(T > t) = 0.0000

. by year, sort: ttest hs, by(austin) unequal 

--------------------------------------------------------------------------------------------------------
-> year = 2014

Two-sample t test with unequal variances
------------------------------------------------------------------------------
   Group |     Obs        Mean    Std. Err.   Std. Dev.   [95% Conf. Interval]
---------+--------------------------------------------------------------------
       0 |   9,988    .1879255    .0039091    .3906722    .1802629    .1955881
       1 |  13,522    .1411773    .0029945    .3482173    .1353076    .1470471
---------+--------------------------------------------------------------------
combined |  23,510    .1610379    .0023973    .3675737     .156339    .1657367
---------+--------------------------------------------------------------------
    diff |            .0467482    .0049242                .0370963    .0564001
------------------------------------------------------------------------------
    diff = mean(0) - mean(1)                                      t =   9.4935
Ho: diff = 0                     Satterthwaite's degrees of freedom =  20048.1

    Ha: diff < 0                 Ha: diff != 0                 Ha: diff > 0
 Pr(T < t) = 1.0000         Pr(|T| > |t|) = 0.0000          Pr(T > t) = 0.0000

--------------------------------------------------------------------------------------------------------
-> year = 2015

Two-sample t test with unequal variances
------------------------------------------------------------------------------
   Group |     Obs        Mean    Std. Err.   Std. Dev.   [95% Conf. Interval]
---------+--------------------------------------------------------------------
       0 |  10,355    .1980686    .0039167    .3985634     .190391    .2057461
       1 |  14,001    .1343475    .0028822    .3410375    .1286981     .139997
---------+--------------------------------------------------------------------
combined |  24,356    .1614387    .0023576    .3679426    .1568175    .1660598
---------+--------------------------------------------------------------------
    diff |             .063721    .0048629                .0541894    .0732527
------------------------------------------------------------------------------
    diff = mean(0) - mean(1)                                      t =  13.1035
Ho: diff = 0                     Satterthwaite's degrees of freedom =  20218.8

    Ha: diff < 0                 Ha: diff != 0                 Ha: diff > 0
 Pr(T < t) = 1.0000         Pr(|T| > |t|) = 0.0000          Pr(T > t) = 0.0000

. by year, sort: ttest college, by(austin) unequal 

--------------------------------------------------------------------------------------------------------
-> year = 2014

Two-sample t test with unequal variances
------------------------------------------------------------------------------
   Group |     Obs        Mean    Std. Err.   Std. Dev.   [95% Conf. Interval]
---------+--------------------------------------------------------------------
       0 |   9,988    .1755106    .0038065    .3804223    .1680491    .1829721
       1 |  13,522    .2375388    .0036599    .4255908    .2303649    .2447128
---------+--------------------------------------------------------------------
combined |  23,510    .2111867     .002662    .4081593    .2059691    .2164044
---------+--------------------------------------------------------------------
    diff |           -.0620282    .0052806               -.0723785   -.0516779
------------------------------------------------------------------------------
    diff = mean(0) - mean(1)                                      t = -11.7465
Ho: diff = 0                     Satterthwaite's degrees of freedom =  22674.2

    Ha: diff < 0                 Ha: diff != 0                 Ha: diff > 0
 Pr(T < t) = 0.0000         Pr(|T| > |t|) = 0.0000          Pr(T > t) = 1.0000

--------------------------------------------------------------------------------------------------------
-> year = 2015

Two-sample t test with unequal variances
------------------------------------------------------------------------------
   Group |     Obs        Mean    Std. Err.   Std. Dev.   [95% Conf. Interval]
---------+--------------------------------------------------------------------
       0 |  10,355    .1775954    .0037558    .3821902    .1702332    .1849575
       1 |  14,001    .2521963    .0036703    .4342888     .245002    .2593905
---------+--------------------------------------------------------------------
combined |  24,356    .2204796    .0026565    .4145786    .2152727    .2256864
---------+--------------------------------------------------------------------
    diff |           -.0746009    .0052514                -.084894   -.0643078
------------------------------------------------------------------------------
    diff = mean(0) - mean(1)                                      t = -14.2059
Ho: diff = 0                     Satterthwaite's degrees of freedom =  23632.6

    Ha: diff < 0                 Ha: diff != 0                 Ha: diff > 0
 Pr(T < t) = 0.0000         Pr(|T| > |t|) = 0.0000          Pr(T > t) = 1.0000

. by year, sort: ttest graduate, by(austin) unequal 

--------------------------------------------------------------------------------------------------------
-> year = 2014

Two-sample t test with unequal variances
------------------------------------------------------------------------------
   Group |     Obs        Mean    Std. Err.   Std. Dev.   [95% Conf. Interval]
---------+--------------------------------------------------------------------
       0 |   9,988    .0658791    .0024823     .248083    .0610132    .0707449
       1 |  13,522    .1218755    .0028134     .327154    .1163608    .1273901
---------+--------------------------------------------------------------------
combined |  23,510    .0980859    .0019399    .2974371    .0942837    .1018882
---------+--------------------------------------------------------------------
    diff |           -.0559964     .003752               -.0633505   -.0486423
------------------------------------------------------------------------------
    diff = mean(0) - mean(1)                                      t = -14.9246
Ho: diff = 0                     Satterthwaite's degrees of freedom =    23492

    Ha: diff < 0                 Ha: diff != 0                 Ha: diff > 0
 Pr(T < t) = 0.0000         Pr(|T| > |t|) = 0.0000          Pr(T > t) = 1.0000

--------------------------------------------------------------------------------------------------------
-> year = 2015

Two-sample t test with unequal variances
------------------------------------------------------------------------------
   Group |     Obs        Mean    Std. Err.   Std. Dev.   [95% Conf. Interval]
---------+--------------------------------------------------------------------
       0 |  10,355     .065379    .0024293    .2472054    .0606171     .070141
       1 |  14,001    .1193486      .00274    .3242099    .1139779    .1247193
---------+--------------------------------------------------------------------
combined |  24,356    .0964034    .0018912    .2951497    .0926965    .1001102
---------+--------------------------------------------------------------------
    diff |           -.0539696    .0036618                -.061147   -.0467922
------------------------------------------------------------------------------
    diff = mean(0) - mean(1)                                      t = -14.7384
Ho: diff = 0                     Satterthwaite's degrees of freedom =  24331.7

    Ha: diff < 0                 Ha: diff != 0                 Ha: diff > 0
 Pr(T < t) = 0.0000         Pr(|T| > |t|) = 0.0000          Pr(T > t) = 1.0000

. 
. 
. 
. 
. *regressions
. regress employment empdiff fiberop whitecollar  

      Source |       SS           df       MS      Number of obs   =    29,390
-------------+----------------------------------   F(3, 29386)     =    581.90
       Model |  368.849503         3  122.949834   Prob > F        =    0.0000
    Residual |  6209.01674    29,386  .211291661   R-squared       =    0.0561
-------------+----------------------------------   Adj R-squared   =    0.0560
       Total |  6577.86625    29,389   .22382069   Root MSE        =    .45966

------------------------------------------------------------------------------
  employment |      Coef.   Std. Err.      t    P>|t|     [95% Conf. Interval]
-------------+----------------------------------------------------------------
     empdiff |  -.0118024   .0180105    -0.66   0.512    -.0471038     .023499
     fiberop |   .0210799    .009286     2.27   0.023      .002879    .0392808
 whitecollar |   .2636476   .0067948    38.80   0.000     .2503295    .2769657
       _cons |   .5965567   .0032855   181.57   0.000     .5901169    .6029964
------------------------------------------------------------------------------

. regress employment empdiff fiberop whitecollar austin time  

      Source |       SS           df       MS      Number of obs   =    29,390
-------------+----------------------------------   F(5, 29384)     =    352.31
       Model |  372.039289         5  74.4078578   Prob > F        =    0.0000
    Residual |  6205.82696    29,384  .211197487   R-squared       =    0.0566
-------------+----------------------------------   Adj R-squared   =    0.0564
       Total |  6577.86625    29,389   .22382069   Root MSE        =    .45956

------------------------------------------------------------------------------
  employment |      Coef.   Std. Err.      t    P>|t|     [95% Conf. Interval]
-------------+----------------------------------------------------------------
     empdiff |   -.011472   .0180069    -0.64   0.524    -.0467663    .0238223
     fiberop |   .0249052   .0093386     2.67   0.008     .0066011    .0432092
 whitecollar |   .2622552   .0068035    38.55   0.000       .24892    .2755904
      austin |    .020558   .0055187     3.73   0.000     .0097411    .0313749
        time |   .0056849   .0053631     1.06   0.289     -.004827    .0161969
       _cons |  -10.86827   10.80402    -1.01   0.314    -32.04463    10.30808
------------------------------------------------------------------------------

. regress employment empdiff fiberop whitecollar female citizen austin time 

      Source |       SS           df       MS      Number of obs   =    29,390
-------------+----------------------------------   F(7, 29382)     =    334.07
       Model |  484.929139         7  69.2755914   Prob > F        =    0.0000
    Residual |  6092.93711    29,382   .20736972   R-squared       =    0.0737
-------------+----------------------------------   Adj R-squared   =    0.0735
       Total |  6577.86625    29,389   .22382069   Root MSE        =    .45538

------------------------------------------------------------------------------
  employment |      Coef.   Std. Err.      t    P>|t|     [95% Conf. Interval]
-------------+----------------------------------------------------------------
     empdiff |  -.0152713   .0178479    -0.86   0.392    -.0502541    .0197114
     fiberop |   .0261386   .0092661     2.82   0.005     .0079766    .0443005
 whitecollar |    .261428   .0067669    38.63   0.000     .2481645    .2746915
      female |  -.1231506   .0053197   -23.15   0.000    -.1335774   -.1127238
     citizen |  -.0235611   .0092055    -2.56   0.010    -.0416044   -.0055179
      austin |   .0174119   .0054718     3.18   0.001     .0066869    .0281369
        time |    .005612   .0053143     1.06   0.291    -.0048043    .0160283
       _cons |  -10.63393   10.70568    -0.99   0.321    -31.61755    10.34968
------------------------------------------------------------------------------

. regress employment empdiff fiberop whitecollar lnincome austin time 

      Source |       SS           df       MS      Number of obs   =    29,196
-------------+----------------------------------   F(6, 29189)     =    398.35
       Model |  491.408395         6  81.9013992   Prob > F        =    0.0000
    Residual |  6001.25156    29,189  .205599766   R-squared       =    0.0757
-------------+----------------------------------   Adj R-squared   =    0.0755
       Total |  6492.65995    29,195  .222389449   Root MSE        =    .45343

------------------------------------------------------------------------------
  employment |      Coef.   Std. Err.      t    P>|t|     [95% Conf. Interval]
-------------+----------------------------------------------------------------
     empdiff |  -.0019573   .0177876    -0.11   0.912    -.0368219    .0329072
     fiberop |   .0032803   .0092649     0.35   0.723    -.0148794      .02144
 whitecollar |   .2330076    .006809    34.22   0.000     .2196616    .2463537
    lnincome |   .0754608   .0030239    24.95   0.000     .0695337    .0813878
      austin |   .0084031   .0054898     1.53   0.126    -.0023572    .0191635
        time |   .0028842   .0053106     0.54   0.587    -.0075249    .0132932
       _cons |  -6.056485   10.69752    -0.57   0.571     -27.0241    14.91113
------------------------------------------------------------------------------

. regress employment empdiff fiberop whitecollar lnincome lnincomesqd austin time 

      Source |       SS           df       MS      Number of obs   =    29,196
-------------+----------------------------------   F(7, 29188)     =    346.16
       Model |  497.682805         7  71.0975436   Prob > F        =    0.0000
    Residual |  5994.97715    29,188  .205391844   R-squared       =    0.0767
-------------+----------------------------------   Adj R-squared   =    0.0764
       Total |  6492.65995    29,195  .222389449   Root MSE        =     .4532

------------------------------------------------------------------------------
  employment |      Coef.   Std. Err.      t    P>|t|     [95% Conf. Interval]
-------------+----------------------------------------------------------------
     empdiff |  -.0026165    .017779    -0.15   0.883    -.0374641    .0322312
     fiberop |    .004673   .0092637     0.50   0.614    -.0134842    .0228302
 whitecollar |   .2348669   .0068139    34.47   0.000     .2215114    .2482225
    lnincome |   .2238523   .0270177     8.29   0.000     .1708964    .2768083
 lnincomesqd |  -.0068779   .0012444    -5.53   0.000    -.0093169   -.0044388
      austin |   .0104603   .0054997     1.90   0.057    -.0003193    .0212399
        time |   .0034228   .0053088     0.64   0.519    -.0069827    .0138284
       _cons |  -7.936661   10.69752    -0.74   0.458    -28.90428    13.03095
------------------------------------------------------------------------------

. regress employment empdiff fiberop whitecollar female citizen lnincome lnincomesqd austin time 

      Source |       SS           df       MS      Number of obs   =    29,196
-------------+----------------------------------   F(9, 29186)     =    331.21
       Model |  601.670088         9   66.852232   Prob > F        =    0.0000
    Residual |  5890.98987    29,186  .201843002   R-squared       =    0.0927
-------------+----------------------------------   Adj R-squared   =    0.0924
       Total |  6492.65995    29,195  .222389449   Root MSE        =    .44927

------------------------------------------------------------------------------
  employment |      Coef.   Std. Err.      t    P>|t|     [95% Conf. Interval]
-------------+----------------------------------------------------------------
     empdiff |  -.0074296   .0176289    -0.42   0.673    -.0419831    .0271239
     fiberop |   .0076194   .0091921     0.83   0.407    -.0103974    .0256363
 whitecollar |   .2364295   .0067712    34.92   0.000     .2231576    .2497014
      female |  -.1162509   .0052753   -22.04   0.000    -.1265908   -.1059111
     citizen |  -.0459579   .0091889    -5.00   0.000    -.0639686   -.0279472
    lnincome |   .2113322   .0267984     7.89   0.000     .1588062    .2638583
 lnincomesqd |  -.0064212   .0012346    -5.20   0.000    -.0088411   -.0040013
      austin |   .0075168   .0054568     1.38   0.168    -.0031787    .0182123
        time |   .0034866   .0052628     0.66   0.508    -.0068286    .0138019
       _cons |   -7.87915   10.60471    -0.74   0.457    -28.66487    12.90657
------------------------------------------------------------------------------

. regress employment empdiff fiberop whitecollar female citizen lnincome lnincomesqd white black asian o
> ther austin time 

      Source |       SS           df       MS      Number of obs   =    29,196
-------------+----------------------------------   F(13, 29182)    =    232.94
       Model |  610.409397        13   46.954569   Prob > F        =    0.0000
    Residual |  5882.25056    29,182  .201571193   R-squared       =    0.0940
-------------+----------------------------------   Adj R-squared   =    0.0936
       Total |  6492.65995    29,195  .222389449   Root MSE        =    .44897

------------------------------------------------------------------------------
  employment |      Coef.   Std. Err.      t    P>|t|     [95% Conf. Interval]
-------------+----------------------------------------------------------------
     empdiff |  -.0085728    .017619    -0.49   0.627    -.0431069    .0259613
     fiberop |   .0094012   .0091909     1.02   0.306    -.0086133    .0274157
 whitecollar |   .2385405   .0067757    35.21   0.000     .2252598    .2518212
      female |  -.1162269   .0052728   -22.04   0.000    -.1265619   -.1058919
     citizen |  -.0409271   .0095217    -4.30   0.000    -.0595901   -.0222642
    lnincome |    .205232   .0267998     7.66   0.000     .1527033    .2577607
 lnincomesqd |  -.0060703   .0012351    -4.91   0.000    -.0084911   -.0036495
       white |  -.0385583   .0156984    -2.46   0.014    -.0693278   -.0077888
       black |  -.0199765   .0187749    -1.06   0.287    -.0567762    .0168232
       asian |  -.0563249    .018952    -2.97   0.003    -.0934717   -.0191781
       other |   .0337526   .0197771     1.71   0.088    -.0050114    .0725165
      austin |    .008725   .0054998     1.59   0.113     -.002055    .0195049
        time |   .0030597   .0052602     0.58   0.561    -.0072506    .0133699
       _cons |  -6.967128   10.59963    -0.66   0.511    -27.74289    13.80863
------------------------------------------------------------------------------

. regress employment empdiff fiberop whitecollar female citizen lnincome lnincomesqd dropout hs college 
> graduate austin time 

      Source |       SS           df       MS      Number of obs   =    29,196
-------------+----------------------------------   F(13, 29182)    =    281.23
       Model |  722.849163        13  55.6037818   Prob > F        =    0.0000
    Residual |  5769.81079    29,182  .197718141   R-squared       =    0.1113
-------------+----------------------------------   Adj R-squared   =    0.1109
       Total |  6492.65995    29,195  .222389449   Root MSE        =    .44466

------------------------------------------------------------------------------
  employment |      Coef.   Std. Err.      t    P>|t|     [95% Conf. Interval]
-------------+----------------------------------------------------------------
     empdiff |   .0002899    .017452     0.02   0.987    -.0339168    .0344966
     fiberop |   -.003022   .0091113    -0.33   0.740    -.0208805    .0148365
 whitecollar |   .2027682   .0069114    29.34   0.000     .1892215    .2163149
      female |  -.1195005   .0052231   -22.88   0.000     -.129738   -.1092631
     citizen |  -.1067975   .0094498   -11.30   0.000    -.1253195   -.0882754
    lnincome |   .2346921   .0266115     8.82   0.000     .1825324    .2868518
 lnincomesqd |  -.0078676    .001229    -6.40   0.000    -.0102764   -.0054587
     dropout |  -.1949362   .0095988   -20.31   0.000    -.2137502   -.1761221
          hs |  -.0350743   .0083139    -4.22   0.000    -.0513699   -.0187788
     college |   .0273772   .0073418     3.73   0.000      .012987    .0417674
    graduate |   .0167395   .0090412     1.85   0.064    -.0009816    .0344607
      austin |  -.0039248    .005455    -0.72   0.472    -.0146169    .0067672
        time |   .0036088   .0052092     0.69   0.488    -.0066015     .013819
       _cons |  -8.111213   10.49684    -0.77   0.440    -28.68549    12.46306
------------------------------------------------------------------------------

. regress employment empdiff fiberop whitecollar female citizen lnincome lnincomesqd white black asian o
> ther dropout hs college graduate austin time 

      Source |       SS           df       MS      Number of obs   =    29,196
-------------+----------------------------------   F(17, 29178)    =    221.51
       Model |  742.143097        17  43.6554763   Prob > F        =    0.0000
    Residual |  5750.51686    29,178  .197083997   R-squared       =    0.1143
-------------+----------------------------------   Adj R-squared   =    0.1138
       Total |  6492.65995    29,195  .222389449   Root MSE        =    .44394

------------------------------------------------------------------------------
  employment |      Coef.   Std. Err.      t    P>|t|     [95% Conf. Interval]
-------------+----------------------------------------------------------------
     empdiff |  -.0010471   .0174256    -0.06   0.952     -.035202    .0331079
     fiberop |  -.0009721   .0090997    -0.11   0.915    -.0188079    .0168637
 whitecollar |    .203644   .0069014    29.51   0.000     .1901169    .2171711
      female |  -.1196199   .0052158   -22.93   0.000    -.1298431   -.1093968
     citizen |  -.1014067   .0097268   -10.43   0.000    -.1204717   -.0823417
    lnincome |   .2278013   .0265794     8.57   0.000     .1757045    .2798981
 lnincomesqd |  -.0074921   .0012276    -6.10   0.000    -.0098984   -.0050859
       white |  -.0499878   .0155338    -3.22   0.001    -.0804347   -.0195409
       black |  -.0284655   .0185738    -1.53   0.125    -.0648711    .0079401
       asian |  -.0782758   .0187974    -4.16   0.000    -.1151196   -.0414321
       other |   .0616083   .0195879     3.15   0.002     .0232152    .1000014
     dropout |  -.2025352   .0096201   -21.05   0.000    -.2213911   -.1836793
          hs |  -.0371544   .0083045    -4.47   0.000    -.0534316   -.0208772
     college |   .0308797   .0073414     4.21   0.000     .0164903    .0452691
    graduate |   .0228953   .0090636     2.53   0.012     .0051301    .0406604
      austin |   -.003348   .0054877    -0.61   0.542    -.0141041    .0074081
        time |   .0030435   .0052018     0.59   0.558    -.0071523    .0132394
       _cons |  -6.905561   10.48206    -0.66   0.510    -27.45087    13.63974
------------------------------------------------------------------------------

. 
end of do-file

. log close
      name:  <unnamed>
       log:  /Users/Cho/Desktop/Research Paper Log .log
  log type:  text
 closed on:   2 May 2019, 20:26:43
--------------------------------------------------------------------------------------------------------
